<?xml version="1.0" encoding="UTF-8"?>
<!-- Generated by org.testng.reporters.JUnitReportReporter -->
<testsuite hostname="IN-CF1D5S3" failures="0" tests="1" name="tests.AmazonWebsiteTest" time="7.822" errors="0" timestamp="2024-04-13T13:18:22 IST" skipped="0">
  <testcase classname="tests.AmazonWebsiteTest" name="openWebsite" time="7.822"/>
</testsuite> <!-- tests.AmazonWebsiteTest -->
