<?xml version="1.0" encoding="UTF-8"?>
<!-- Generated by org.testng.reporters.JUnitReportReporter -->
<testsuite hostname="IN-CF1D5S3" failures="0" tests="1" name="tests.GmailTest" time="3.254" errors="0" timestamp="2024-04-13T13:19:05 IST" skipped="0">
  <testcase classname="tests.GmailTest" name="openWebsite" time="3.254"/>
</testsuite> <!-- tests.GmailTest -->
